21:38:28 **** Incremental Build of configuration Nios II for project acceltask1 ****
make all 
Info: Building ../acceltask1_bsp/
C:/intelFPGA_lite/18.0/nios2eds/bin/gnu/H-x86_64-mingw32/bin/make --no-print-directory -C ../acceltask1_bsp/
[BSP build complete]
Info: Compiling hello_world_small.c to obj/default/hello_world_small.o
nios2-elf-gcc -xc -MP -MMD -c -I../acceltask1_bsp//HAL/inc -I../acceltask1_bsp/ -I../acceltask1_bsp//drivers/inc  -pipe -D__hal__ -DALT_NO_C_PLUS_PLUS -DALT_NO_CLEAN_EXIT -D'exit(a)=_exit(a)' -DALT_NO_EXIT -DALT_USE_DIRECT_DRIVERS -DALT_NO_INSTRUCTION_EMULATION -DALT_USE_SMALL_DRIVERS -DSMALL_C_LIB -DALT_SINGLE_THREADED    -Os -g -Wall   -mno-hw-div -mno-hw-mul -mno-hw-mulx -mgpopt=global  -o obj/default/hello_world_small.o hello_world_small.c
Info: Linking acceltask1.elf
nios2-elf-g++  -T'../acceltask1_bsp//linker.x' -msys-crt0='../acceltask1_bsp//obj/HAL/src/crt0.o' -msys-lib=hal_bsp -L../acceltask1_bsp/  -msmallc  -Wl,-Map=acceltask1.map   -Os -g -Wall   -mno-hw-div -mno-hw-mul -mno-hw-mulx -mgpopt=global  -o acceltask1.elf obj/default/hello_world_small.o -lm -msys-lib=m
nios2-elf-insert acceltask1.elf --thread_model hal --cpu_name cpu --qsys true --simulation_enabled false --stderr_dev jtag_uart --stdin_dev jtag_uart --stdout_dev jtag_uart --sopc_system_name nios_accelerometer --quartus_project_dir "C:/EIE2/E2_InfoProcessing/LAB3/Golden_Top" --jdi C:/EIE2/E2_InfoProcessing/LAB3/Golden_Top/software/acceltask1_bsp/../../DE10_LITE_Golden_Top.jdi --sopcinfo C:/EIE2/E2_InfoProcessing/LAB3/Golden_Top/software/acceltask1_bsp/../../nios_accelerometer.sopcinfo
Info: (acceltask1.elf) 6288 Bytes program size (code + initialized data).
Info:                  57 KBytes free for stack + heap.
Info: Creating acceltask1.objdump
nios2-elf-objdump --disassemble --syms --all-header --source acceltask1.elf >acceltask1.objdump
[acceltask1 build complete]
21:38:43 **** Build of configuration Nios II for project acceltask1 ****
make all 
Info: Building ../acceltask1_bsp/
C:/intelFPGA_lite/18.0/nios2eds/bin/gnu/H-x86_64-mingw32/bin/make --no-print-directory -C ../acceltask1_bsp/
[BSP build complete]
[acceltask1 build complete]
21:38:44 **** Incremental Build of configuration Nios II for project acceltask1 ****
make all 
Info: Building ../acceltask1_bsp/
C:/intelFPGA_lite/18.0/nios2eds/bin/gnu/H-x86_64-mingw32/bin/make --no-print-directory -C ../acceltask1_bsp/
[BSP build complete]
[acceltask1 build complete]
